<?xml version="1.0" encoding="UTF-8"?>
<testsuite name="com.ait.phonebook.tests.RemoveContactTests" tests="1" skipped="0" failures="0" errors="0" timestamp="2023-11-30T09:00:48" hostname="XMG" time="1.622">
  <properties/>
  <testcase name="removeContactPositiveTest" classname="com.ait.phonebook.tests.RemoveContactTests" time="1.622"/>
  <system-out><![CDATA[]]></system-out>
  <system-err><![CDATA[]]></system-err>
</testsuite>
