<?xml version="1.0" encoding="UTF-8"?>
<testsuite name="com.ait.phonebook.tests.LoginTests" tests="2" skipped="0" failures="0" errors="0" timestamp="2023-11-30T09:00:32" hostname="XMG" time="2.759">
  <properties/>
  <testcase name="loginRegisteredUserNegativeTestWithoutEmail" classname="com.ait.phonebook.tests.LoginTests" time="1.724"/>
  <testcase name="loginRegisteredUserPositiveTest" classname="com.ait.phonebook.tests.LoginTests" time="1.026"/>
  <system-out><![CDATA[]]></system-out>
  <system-err><![CDATA[]]></system-err>
</testsuite>
